Using pre-set license
Built from '2022.3/staging' branch; Version is '2022.3.15f1 (b58023a2b463) revision 11894819'; Using compiler version '192829333'; Build Type 'Release'
OS: 'Windows 10  (10.0.19045) 64bit Professional' Language: 'tr' Physical Memory: 16221 MB
BatchMode: 1, IsHumanControllingUs: 0, StartBugReporterOnCrash: 0, Is64bit: 1, IsPro: 1

COMMAND LINE ARGUMENTS:
C:\Program Files\Unity\Hub\Editor\2022.3.15f1\Editor\Unity.exe
-adb2
-batchMode
-noUpm
-name
AssetImportWorker2
-projectPath
C:/Users/Administrator/Desktop/yağız/unityProject/BaşakHocaP
-logFile
Logs/AssetImportWorker2.log
-srvPort
52240
Successfully changed project path to: C:/Users/Administrator/Desktop/yağız/unityProject/BaşakHocaP
C:/Users/Administrator/Desktop/yağız/unityProject/BaşakHocaP
[UnityMemory] Configuration Parameters - Can be set up in boot.config
    "memorysetup-bucket-allocator-granularity=16"
    "memorysetup-bucket-allocator-bucket-count=8"
    "memorysetup-bucket-allocator-block-size=33554432"
    "memorysetup-bucket-allocator-block-count=8"
    "memorysetup-main-allocator-block-size=16777216"
    "memorysetup-thread-allocator-block-size=16777216"
    "memorysetup-gfx-main-allocator-block-size=16777216"
    "memorysetup-gfx-thread-allocator-block-size=16777216"
    "memorysetup-cache-allocator-block-size=4194304"
    "memorysetup-typetree-allocator-block-size=2097152"
    "memorysetup-profiler-bucket-allocator-granularity=16"
    "memorysetup-profiler-bucket-allocator-bucket-count=8"
    "memorysetup-profiler-bucket-allocator-block-size=33554432"
    "memorysetup-profiler-bucket-allocator-block-count=8"
    "memorysetup-profiler-allocator-block-size=16777216"
    "memorysetup-profiler-editor-allocator-block-size=1048576"
    "memorysetup-temp-allocator-size-main=16777216"
    "memorysetup-job-temp-allocator-block-size=2097152"
    "memorysetup-job-temp-allocator-block-size-background=1048576"
    "memorysetup-job-temp-allocator-reduction-small-platforms=262144"
    "memorysetup-allocator-temp-initial-block-size-main=262144"
    "memorysetup-allocator-temp-initial-block-size-worker=262144"
    "memorysetup-temp-allocator-size-background-worker=32768"
    "memorysetup-temp-allocator-size-job-worker=262144"
    "memorysetup-temp-allocator-size-preload-manager=33554432"
    "memorysetup-temp-allocator-size-nav-mesh-worker=65536"
    "memorysetup-temp-allocator-size-audio-worker=65536"
    "memorysetup-temp-allocator-size-cloud-worker=32768"
    "memorysetup-temp-allocator-size-gi-baking-worker=262144"
    "memorysetup-temp-allocator-size-gfx=262144"
Player connection [6236] Host "[IP] 192.168.1.39 [Port] 0 [Flags] 2 [Guid] 2812944334 [EditorId] 2812944334 [Version] 1048832 [Id] WindowsEditor(7,DESKTOP-IB6MD39) [Debug] 1 [PackageName] WindowsEditor [ProjectName] Editor" joined multi-casting on [225.0.0.222:54997]...

Player connection [6236] Host "[IP] 192.168.1.39 [Port] 0 [Flags] 2 [Guid] 2812944334 [EditorId] 2812944334 [Version] 1048832 [Id] WindowsEditor(7,DESKTOP-IB6MD39) [Debug] 1 [PackageName] WindowsEditor [ProjectName] Editor" joined alternative multi-casting on [225.0.0.222:34997]...

[Physics::Module] Initialized MultithreadedJobDispatcher with 15 workers.
Refreshing native plugins compatible for Editor in 10.86 ms, found 3 plugins.
Preloading 0 native plugins for Editor in 0.00 ms.
Initialize engine version: 2022.3.15f1 (b58023a2b463)
[Subsystems] Discovering subsystems at path C:/Program Files/Unity/Hub/Editor/2022.3.15f1/Editor/Data/Resources/UnitySubsystems
[Subsystems] Discovering subsystems at path C:/Users/Administrator/Desktop/yağız/unityProject/BaşakHocaP/Assets
GfxDevice: creating device client; threaded=0; jobified=0
Direct3D:
    Version:  Direct3D 11.0 [level 11.1]
    Renderer: NVIDIA GeForce RTX 3070 Ti (ID=0x2482)
    Vendor:   NVIDIA
    VRAM:     8017 MB
    Driver:   31.0.15.5244
Initialize mono
Mono path[0] = 'C:/Program Files/Unity/Hub/Editor/2022.3.15f1/Editor/Data/Managed'
Mono path[1] = 'C:/Program Files/Unity/Hub/Editor/2022.3.15f1/Editor/Data/MonoBleedingEdge/lib/mono/unityjit-win32'
Mono config path = 'C:/Program Files/Unity/Hub/Editor/2022.3.15f1/Editor/Data/MonoBleedingEdge/etc'
Using monoOptions --debugger-agent=transport=dt_socket,embedding=1,server=y,suspend=n,address=127.0.0.1:56068
Begin MonoManager ReloadAssembly
Registering precompiled unity dll's ...
Register platform support module: C:/Program Files/Unity/Hub/Editor/2022.3.15f1/Editor/Data/PlaybackEngines/WebGLSupport/UnityEditor.WebGL.Extensions.dll
Register platform support module: C:/Program Files/Unity/Hub/Editor/2022.3.15f1/Editor/Data/PlaybackEngines/WindowsStandaloneSupport/UnityEditor.WindowsStandalone.Extensions.dll
Registered in 0.008120 seconds.
- Loaded All Assemblies, in  0.294 seconds
Native extension for WindowsStandalone target not found
Native extension for WebGL target not found
Mono: successfully reloaded assembly
- Finished resetting the current domain, in  0.221 seconds
Domain Reload Profiling: 513ms
	BeginReloadAssembly (90ms)
		ExecutionOrderSort (0ms)
		DisableScriptedObjects (0ms)
		BackupInstance (0ms)
		ReleaseScriptingObjects (0ms)
		CreateAndSetChildDomain (1ms)
	RebuildCommonClasses (27ms)
	RebuildNativeTypeToScriptingClass (8ms)
	initialDomainReloadingComplete (48ms)
	LoadAllAssembliesAndSetupDomain (119ms)
		LoadAssemblies (88ms)
		RebuildTransferFunctionScriptingTraits (0ms)
		AnalyzeDomain (117ms)
			TypeCache.Refresh (116ms)
				TypeCache.ScanAssembly (105ms)
			ScanForSourceGeneratedMonoScriptInfo (1ms)
			ResolveRequiredComponents (0ms)
	FinalizeReload (221ms)
		ReleaseScriptCaches (0ms)
		RebuildScriptCaches (0ms)
		SetupLoadedEditorAssemblies (171ms)
			LogAssemblyErrors (0ms)
			InitializePlatformSupportModulesInManaged (8ms)
			SetLoadedEditorAssemblies (5ms)
			RefreshPlugins (0ms)
			BeforeProcessingInitializeOnLoad (2ms)
			ProcessInitializeOnLoadAttributes (116ms)
			ProcessInitializeOnLoadMethodAttributes (40ms)
			AfterProcessingInitializeOnLoad (0ms)
			EditorAssembliesLoaded (0ms)
		ExecutionOrderSort2 (0ms)
		AwakeInstancesAfterBackupRestoration (0ms)
========================================================================
Worker process is ready to serve import requests
Begin MonoManager ReloadAssembly
- Loaded All Assemblies, in  0.503 seconds
Refreshing native plugins compatible for Editor in 2.49 ms, found 3 plugins.
Native extension for WindowsStandalone target not found
Native extension for WebGL target not found
Package Manager log level set to [2]
[Package Manager] Server::EnsureServerProcessIsRunning -- launch failed, reason: Unity was launched with the -noUpm command-line argument
[Package Manager] UpmClient::Send -- Unable to send message (not connected to UPM process).
[Package Manager] Cannot connect to Unity Package Manager local server
Mono: successfully reloaded assembly
- Finished resetting the current domain, in  0.518 seconds
Domain Reload Profiling: 1019ms
	BeginReloadAssembly (115ms)
		ExecutionOrderSort (0ms)
		DisableScriptedObjects (4ms)
		BackupInstance (0ms)
		ReleaseScriptingObjects (0ms)
		CreateAndSetChildDomain (16ms)
	RebuildCommonClasses (26ms)
	RebuildNativeTypeToScriptingClass (8ms)
	initialDomainReloadingComplete (36ms)
	LoadAllAssembliesAndSetupDomain (316ms)
		LoadAssemblies (238ms)
		RebuildTransferFunctionScriptingTraits (0ms)
		AnalyzeDomain (147ms)
			TypeCache.Refresh (131ms)
				TypeCache.ScanAssembly (120ms)
			ScanForSourceGeneratedMonoScriptInfo (12ms)
			ResolveRequiredComponents (3ms)
	FinalizeReload (518ms)
		ReleaseScriptCaches (0ms)
		RebuildScriptCaches (0ms)
		SetupLoadedEditorAssemblies (384ms)
			LogAssemblyErrors (0ms)
			InitializePlatformSupportModulesInManaged (6ms)
			SetLoadedEditorAssemblies (4ms)
			RefreshPlugins (0ms)
			BeforeProcessingInitializeOnLoad (53ms)
			ProcessInitializeOnLoadAttributes (299ms)
			ProcessInitializeOnLoadMethodAttributes (15ms)
			AfterProcessingInitializeOnLoad (6ms)
			EditorAssembliesLoaded (0ms)
		ExecutionOrderSort2 (0ms)
		AwakeInstancesAfterBackupRestoration (8ms)
Launched and connected shader compiler UnityShaderCompiler.exe after 0.03 seconds
Refreshing native plugins compatible for Editor in 2.66 ms, found 3 plugins.
Preloading 0 native plugins for Editor in 0.00 ms.
Unloading 3334 Unused Serialized files (Serialized files now loaded: 0)
Unloading 54 unused Assets / (1.3 MB). Loaded Objects now: 3813.
Memory consumption went from 156.5 MB to 155.2 MB.
Total: 2.368900 ms (FindLiveObjects: 0.195700 ms CreateObjectMapping: 0.091400 ms MarkObjects: 1.818800 ms  DeleteObjects: 0.261500 ms)

AssetImportParameters requested are different than current active one (requested -> active):
  custom:container-demuxer-ogg: 62fdf1f143b41e24485cea50d1cbac27 -> 
  custom:video-codec-MediaFoundation-h265: 746d11721c4dcdbdad8f713fa42b33f4 -> 
  custom:video-decoder-ogg-theora: a1e56fd34408186e4bbccfd4996cb3dc -> 
  custom:framework-win-MediaFoundation: 216162199b28c13a410421893ffa2e32 -> 
  custom:CustomObjectIndexerAttribute: 43b350a4d6e6d1791af0b5038c4bea17 -> 
  custom:container-demuxer-webm: 4f35f7cbe854078d1ac9338744f61a02 -> 
  custom:container-muxer-webm: aa71ff27fc2769a1b78a27578f13a17b -> 
  custom:video-decoder-webm-vp8: 9c59270c3fd7afecdb556c50c9e8de78 -> 
  custom:SearchIndexIgnoredProperties: e643bd26f0fe6173181afceb89e7c659 -> 
  custom:AudioImporter_EditorPlatform: d09bf68614088b80899f8185d706f6e7 -> 
  custom:video-encoder-webm-vp8: eb34c28f22e8b96e1ab97ce403110664 -> 
  custom:audio-decoder-ogg-vorbis: bf7c407c2cedff20999df2af8eb42d56 -> 
  custom:audio-encoder-webm-vorbis: bf7c407c2cedff20999df2af8eb42d56 -> 
========================================================================
Received Import Request.
  Time since last request: 16611.841383 seconds.
  path: Assets/BERCEST STUDIO/LP_MedievalShip/Prefabs
  artifactKey: Guid(b37fc98114724f6449fdd0ba484aa09a) Importer(815301076,1909f56bfc062723c751e8b465ee728b)
Start importing Assets/BERCEST STUDIO/LP_MedievalShip/Prefabs using Guid(b37fc98114724f6449fdd0ba484aa09a) Importer(815301076,1909f56bfc062723c751e8b465ee728b)  -> (artifact id: '384a48e5234b85314f9ecfab5a95195b') in 0.002243 seconds
Number of updated asset objects reloaded before import = 0
Number of asset objects unloaded after import = 0
========================================================================
Received Import Request.
  Time since last request: 1.351906 seconds.
  path: Assets/BERCEST STUDIO/LP_MedievalShip/Prefabs/Ship
  artifactKey: Guid(5957981e4edca0b4fbb4447d8579aa7e) Importer(815301076,1909f56bfc062723c751e8b465ee728b)
Start importing Assets/BERCEST STUDIO/LP_MedievalShip/Prefabs/Ship using Guid(5957981e4edca0b4fbb4447d8579aa7e) Importer(815301076,1909f56bfc062723c751e8b465ee728b)  -> (artifact id: 'da87ab4ad2d2039603972295e184870e') in 0.000418 seconds
Number of updated asset objects reloaded before import = 0
Number of asset objects unloaded after import = 0
========================================================================
Received Import Request.
  Time since last request: 0.068396 seconds.
  path: Assets/BERCEST STUDIO/LP_MedievalShip/Prefabs/Ship/acnhor_control.prefab
  artifactKey: Guid(b0ffba4681f354e489300e1e84fcd62e) Importer(815301076,1909f56bfc062723c751e8b465ee728b)
Start importing Assets/BERCEST STUDIO/LP_MedievalShip/Prefabs/Ship/acnhor_control.prefab using Guid(b0ffba4681f354e489300e1e84fcd62e) Importer(815301076,1909f56bfc062723c751e8b465ee728b)  -> (artifact id: 'f49b180178e5efd59ab4bb9beaa5206d') in 0.136222 seconds
Number of updated asset objects reloaded before import = 0
Number of asset objects unloaded after import = 10
========================================================================
Received Import Request.
  Time since last request: 7.125396 seconds.
  path: Assets/BERCEST STUDIO/LP_MedievalShip/Prefabs/Props
  artifactKey: Guid(a2cfff933984a2447ba4f39e1bbc8b6a) Importer(815301076,1909f56bfc062723c751e8b465ee728b)
Start importing Assets/BERCEST STUDIO/LP_MedievalShip/Prefabs/Props using Guid(a2cfff933984a2447ba4f39e1bbc8b6a) Importer(815301076,1909f56bfc062723c751e8b465ee728b)  -> (artifact id: '394c4f140e0b408871a4485852eb3254') in 0.000437 seconds
Number of updated asset objects reloaded before import = 0
Number of asset objects unloaded after import = 0
========================================================================
Received Import Request.
  Time since last request: 0.051121 seconds.
  path: Assets/BERCEST STUDIO/LP_MedievalShip/Prefabs/Props/barrel.prefab
  artifactKey: Guid(95cf93f4e6b7609438c6f35d0d28eb29) Importer(815301076,1909f56bfc062723c751e8b465ee728b)
Start importing Assets/BERCEST STUDIO/LP_MedievalShip/Prefabs/Props/barrel.prefab using Guid(95cf93f4e6b7609438c6f35d0d28eb29) Importer(815301076,1909f56bfc062723c751e8b465ee728b)  -> (artifact id: '7e4cd394b6dc93570ed33177515407f6') in 0.014641 seconds
Number of updated asset objects reloaded before import = 0
Number of asset objects unloaded after import = 10
========================================================================
Received Import Request.
  Time since last request: 0.000013 seconds.
  path: Assets/BERCEST STUDIO/LP_MedievalShip/Prefabs/Props/crate.02.prefab
  artifactKey: Guid(53b1e6de656f261418538ad9b3cf5bee) Importer(815301076,1909f56bfc062723c751e8b465ee728b)
Start importing Assets/BERCEST STUDIO/LP_MedievalShip/Prefabs/Props/crate.02.prefab using Guid(53b1e6de656f261418538ad9b3cf5bee) Importer(815301076,1909f56bfc062723c751e8b465ee728b)  -> (artifact id: '8092f5757eec40c1ce5a4b437c4f7566') in 0.016310 seconds
Number of updated asset objects reloaded before import = 0
Number of asset objects unloaded after import = 10
========================================================================
Received Import Request.
  Time since last request: 0.000018 seconds.
  path: Assets/BERCEST STUDIO/LP_MedievalShip/Prefabs/Props/map_rolls.prefab
  artifactKey: Guid(17dddb75e2bf29e46b6ada0075bd6d32) Importer(815301076,1909f56bfc062723c751e8b465ee728b)
Start importing Assets/BERCEST STUDIO/LP_MedievalShip/Prefabs/Props/map_rolls.prefab using Guid(17dddb75e2bf29e46b6ada0075bd6d32) Importer(815301076,1909f56bfc062723c751e8b465ee728b)  -> (artifact id: '301c07880c6158844d53f179863ae6c7') in 0.015050 seconds
Number of updated asset objects reloaded before import = 0
Number of asset objects unloaded after import = 10
========================================================================
Received Import Request.
  Time since last request: 0.000018 seconds.
  path: Assets/BERCEST STUDIO/LP_MedievalShip/Prefabs/Props/crate_cannonball.prefab
  artifactKey: Guid(493dff6abe6734a458a02af1e1cc1e61) Importer(815301076,1909f56bfc062723c751e8b465ee728b)
Start importing Assets/BERCEST STUDIO/LP_MedievalShip/Prefabs/Props/crate_cannonball.prefab using Guid(493dff6abe6734a458a02af1e1cc1e61) Importer(815301076,1909f56bfc062723c751e8b465ee728b)  -> (artifact id: '83f1e3c35169981324b7e75ffaa4e3a1') in 0.014689 seconds
Number of updated asset objects reloaded before import = 0
Number of asset objects unloaded after import = 10
========================================================================
Received Import Request.
  Time since last request: 0.000035 seconds.
  path: Assets/BERCEST STUDIO/LP_MedievalShip/Prefabs/Props/chair.prefab
  artifactKey: Guid(af8fec30060203c459f9fa4b082c8463) Importer(815301076,1909f56bfc062723c751e8b465ee728b)
Start importing Assets/BERCEST STUDIO/LP_MedievalShip/Prefabs/Props/chair.prefab using Guid(af8fec30060203c459f9fa4b082c8463) Importer(815301076,1909f56bfc062723c751e8b465ee728b)  -> (artifact id: 'b1c5fab9de263c8aea701f5e2dae6e9d') in 0.015555 seconds
Number of updated asset objects reloaded before import = 0
Number of asset objects unloaded after import = 10
========================================================================
Received Import Request.
  Time since last request: 0.000014 seconds.
  path: Assets/BERCEST STUDIO/LP_MedievalShip/Prefabs/Props/drawer.prefab
  artifactKey: Guid(ba48e0321ab5ca149b4b93c9e074d95e) Importer(815301076,1909f56bfc062723c751e8b465ee728b)
Start importing Assets/BERCEST STUDIO/LP_MedievalShip/Prefabs/Props/drawer.prefab using Guid(ba48e0321ab5ca149b4b93c9e074d95e) Importer(815301076,1909f56bfc062723c751e8b465ee728b)  -> (artifact id: '3601da9b20af9ab0dc7b8401dde4ec55') in 0.011729 seconds
Number of updated asset objects reloaded before import = 0
Number of asset objects unloaded after import = 10
========================================================================
Received Import Request.
  Time since last request: 4.631385 seconds.
  path: Assets/BERCEST STUDIO/LP_MedievalShip/Scenes
  artifactKey: Guid(375d772180a01014da27c8b2713191a0) Importer(815301076,1909f56bfc062723c751e8b465ee728b)
Start importing Assets/BERCEST STUDIO/LP_MedievalShip/Scenes using Guid(375d772180a01014da27c8b2713191a0) Importer(815301076,1909f56bfc062723c751e8b465ee728b)  -> (artifact id: '48ae9200ee8698997bf888c78e83be90') in 0.000562 seconds
Number of updated asset objects reloaded before import = 0
Number of asset objects unloaded after import = 0
========================================================================
Received Import Request.
  Time since last request: 0.630364 seconds.
  path: Assets/BERCEST STUDIO/LP_MedievalShip/Textures
  artifactKey: Guid(57f2faf219068e84493cf782e1adb48a) Importer(815301076,1909f56bfc062723c751e8b465ee728b)
Start importing Assets/BERCEST STUDIO/LP_MedievalShip/Textures using Guid(57f2faf219068e84493cf782e1adb48a) Importer(815301076,1909f56bfc062723c751e8b465ee728b)  -> (artifact id: 'b40c2e8d143f3a1df9993a4da1d03670') in 0.000387 seconds
Number of updated asset objects reloaded before import = 0
Number of asset objects unloaded after import = 0
========================================================================
Received Import Request.
  Time since last request: 0.044412 seconds.
  path: Assets/BERCEST STUDIO/LP_MedievalShip/Textures/MedievalShipTexture.png
  artifactKey: Guid(d97eda0237963d64a96fa746e6577e25) Importer(815301076,1909f56bfc062723c751e8b465ee728b)
Start importing Assets/BERCEST STUDIO/LP_MedievalShip/Textures/MedievalShipTexture.png using Guid(d97eda0237963d64a96fa746e6577e25) Importer(815301076,1909f56bfc062723c751e8b465ee728b)  -> (artifact id: '2f3e02bf160c504de016d422c1b8ebaa') in 0.027176 seconds
Number of updated asset objects reloaded before import = 0
Number of asset objects unloaded after import = 2
========================================================================
Received Import Request.
  Time since last request: 22.559940 seconds.
  path: Assets/BERCEST STUDIO/LP_MedievalShip/Scenes/DemoScene_Profiles
  artifactKey: Guid(3b8c535d8bcb79c49b8e938777e871b3) Importer(815301076,1909f56bfc062723c751e8b465ee728b)
Start importing Assets/BERCEST STUDIO/LP_MedievalShip/Scenes/DemoScene_Profiles using Guid(3b8c535d8bcb79c49b8e938777e871b3) Importer(815301076,1909f56bfc062723c751e8b465ee728b)  -> (artifact id: 'cffb053748f8d8da85f3c2657e2e35a9') in 0.000472 seconds
Number of updated asset objects reloaded before import = 0
Number of asset objects unloaded after import = 0
========================================================================
Received Import Request.
  Time since last request: 0.400305 seconds.
  path: Assets/BERCEST STUDIO/LP_MedievalShip/Scenes/DemoScene_Profiles/PostProcessing Profile.asset
  artifactKey: Guid(33e7d9a475f6b014181ddf8414989bff) Importer(815301076,1909f56bfc062723c751e8b465ee728b)
Start importing Assets/BERCEST STUDIO/LP_MedievalShip/Scenes/DemoScene_Profiles/PostProcessing Profile.asset using Guid(33e7d9a475f6b014181ddf8414989bff) Importer(815301076,1909f56bfc062723c751e8b465ee728b)  -> (artifact id: 'ee49f202861323e306e617d06db14028') in 0.000956 seconds
Number of updated asset objects reloaded before import = 0
Number of asset objects unloaded after import = 1
========================================================================
Received Import Request.
  Time since last request: 15.642262 seconds.
  path: Assets/BERCEST STUDIO/LP_MedievalShip/Scenes/DemoScene.unity
  artifactKey: Guid(99c9720ab356a0642a771bea13969a05) Importer(815301076,1909f56bfc062723c751e8b465ee728b)
Start importing Assets/BERCEST STUDIO/LP_MedievalShip/Scenes/DemoScene.unity using Guid(99c9720ab356a0642a771bea13969a05) Importer(815301076,1909f56bfc062723c751e8b465ee728b)  -> (artifact id: '145a22e92d68488cc4740769ab62bdfe') in 0.000419 seconds
Number of updated asset objects reloaded before import = 0
Number of asset objects unloaded after import = 0
========================================================================
Received Prepare
Begin MonoManager ReloadAssembly
- Loaded All Assemblies, in  0.370 seconds
Refreshing native plugins compatible for Editor in 4.24 ms, found 3 plugins.
Native extension for WindowsStandalone target not found
Native extension for WebGL target not found
[Package Manager] Server::EnsureServerProcessIsRunning -- launch failed, reason: Unity was launched with the -noUpm command-line argument
[Package Manager] UpmClient::Send -- Unable to send message (not connected to UPM process).
[Package Manager] Cannot connect to Unity Package Manager local server
Mono: successfully reloaded assembly
- Finished resetting the current domain, in  0.851 seconds
Domain Reload Profiling: 1217ms
	BeginReloadAssembly (122ms)
		ExecutionOrderSort (0ms)
		DisableScriptedObjects (3ms)
		BackupInstance (0ms)
		ReleaseScriptingObjects (0ms)
		CreateAndSetChildDomain (30ms)
	RebuildCommonClasses (37ms)
	RebuildNativeTypeToScriptingClass (8ms)
	initialDomainReloadingComplete (27ms)
	LoadAllAssembliesAndSetupDomain (172ms)
		LoadAssemblies (221ms)
		RebuildTransferFunctionScriptingTraits (0ms)
		AnalyzeDomain (13ms)
			TypeCache.Refresh (5ms)
				TypeCache.ScanAssembly (0ms)
			ScanForSourceGeneratedMonoScriptInfo (0ms)
			ResolveRequiredComponents (6ms)
	FinalizeReload (851ms)
		ReleaseScriptCaches (0ms)
		RebuildScriptCaches (0ms)
		SetupLoadedEditorAssemblies (401ms)
			LogAssemblyErrors (0ms)
			InitializePlatformSupportModulesInManaged (8ms)
			SetLoadedEditorAssemblies (4ms)
			RefreshPlugins (0ms)
			BeforeProcessingInitializeOnLoad (57ms)
			ProcessInitializeOnLoadAttributes (308ms)
			ProcessInitializeOnLoadMethodAttributes (17ms)
			AfterProcessingInitializeOnLoad (7ms)
			EditorAssembliesLoaded (0ms)
		ExecutionOrderSort2 (0ms)
		AwakeInstancesAfterBackupRestoration (9ms)
Refreshing native plugins compatible for Editor in 3.07 ms, found 3 plugins.
Preloading 0 native plugins for Editor in 0.00 ms.
Unloading 3273 Unused Serialized files (Serialized files now loaded: 0)
Unloading 35 unused Assets / (1.3 MB). Loaded Objects now: 3825.
Memory consumption went from 149.2 MB to 147.9 MB.
Total: 2.197900 ms (FindLiveObjects: 0.207100 ms CreateObjectMapping: 0.101100 ms MarkObjects: 1.666000 ms  DeleteObjects: 0.223000 ms)

Prepare: number of updated asset objects reloaded= 0
AssetImportParameters requested are different than current active one (requested -> active):
  custom:container-demuxer-ogg: 62fdf1f143b41e24485cea50d1cbac27 -> 
  custom:video-codec-MediaFoundation-h265: 746d11721c4dcdbdad8f713fa42b33f4 -> 
  custom:video-decoder-ogg-theora: a1e56fd34408186e4bbccfd4996cb3dc -> 
  custom:framework-win-MediaFoundation: 216162199b28c13a410421893ffa2e32 -> 
  custom:CustomObjectIndexerAttribute: 43b350a4d6e6d1791af0b5038c4bea17 -> 
  custom:container-demuxer-webm: 4f35f7cbe854078d1ac9338744f61a02 -> 
  custom:container-muxer-webm: aa71ff27fc2769a1b78a27578f13a17b -> 
  custom:video-decoder-webm-vp8: 9c59270c3fd7afecdb556c50c9e8de78 -> 
  custom:SearchIndexIgnoredProperties: e643bd26f0fe6173181afceb89e7c659 -> 
  custom:AudioImporter_EditorPlatform: d09bf68614088b80899f8185d706f6e7 -> 
  custom:video-encoder-webm-vp8: eb34c28f22e8b96e1ab97ce403110664 -> 
  custom:audio-decoder-ogg-vorbis: bf7c407c2cedff20999df2af8eb42d56 -> 
  custom:audio-encoder-webm-vorbis: bf7c407c2cedff20999df2af8eb42d56 -> 
========================================================================
Received Prepare
Begin MonoManager ReloadAssembly
- Loaded All Assemblies, in  0.373 seconds
Refreshing native plugins compatible for Editor in 2.43 ms, found 3 plugins.
Native extension for WindowsStandalone target not found
Native extension for WebGL target not found
[Package Manager] Server::EnsureServerProcessIsRunning -- launch failed, reason: Unity was launched with the -noUpm command-line argument
[Package Manager] UpmClient::Send -- Unable to send message (not connected to UPM process).
[Package Manager] Cannot connect to Unity Package Manager local server
Mono: successfully reloaded assembly
- Finished resetting the current domain, in  0.849 seconds
Domain Reload Profiling: 1219ms
	BeginReloadAssembly (124ms)
		ExecutionOrderSort (0ms)
		DisableScriptedObjects (4ms)
		BackupInstance (0ms)
		ReleaseScriptingObjects (0ms)
		CreateAndSetChildDomain (25ms)
	RebuildCommonClasses (27ms)
	RebuildNativeTypeToScriptingClass (8ms)
	initialDomainReloadingComplete (29ms)
	LoadAllAssembliesAndSetupDomain (182ms)
		LoadAssemblies (237ms)
		RebuildTransferFunctionScriptingTraits (0ms)
		AnalyzeDomain (10ms)
			TypeCache.Refresh (5ms)
				TypeCache.ScanAssembly (0ms)
			ScanForSourceGeneratedMonoScriptInfo (0ms)
			ResolveRequiredComponents (4ms)
	FinalizeReload (849ms)
		ReleaseScriptCaches (0ms)
		RebuildScriptCaches (0ms)
		SetupLoadedEditorAssemblies (407ms)
			LogAssemblyErrors (0ms)
			InitializePlatformSupportModulesInManaged (8ms)
			SetLoadedEditorAssemblies (4ms)
			RefreshPlugins (0ms)
			BeforeProcessingInitializeOnLoad (57ms)
			ProcessInitializeOnLoadAttributes (314ms)
			ProcessInitializeOnLoadMethodAttributes (17ms)
			AfterProcessingInitializeOnLoad (7ms)
			EditorAssembliesLoaded (0ms)
		ExecutionOrderSort2 (0ms)
		AwakeInstancesAfterBackupRestoration (9ms)
Refreshing native plugins compatible for Editor in 3.42 ms, found 3 plugins.
Preloading 0 native plugins for Editor in 0.00 ms.
Unloading 3274 Unused Serialized files (Serialized files now loaded: 0)
Unloading 35 unused Assets / (1.3 MB). Loaded Objects now: 3828.
Memory consumption went from 151.4 MB to 150.1 MB.
Total: 2.350000 ms (FindLiveObjects: 0.203800 ms CreateObjectMapping: 0.100200 ms MarkObjects: 1.795200 ms  DeleteObjects: 0.249900 ms)

Prepare: number of updated asset objects reloaded= 0
AssetImportParameters requested are different than current active one (requested -> active):
  custom:container-demuxer-ogg: 62fdf1f143b41e24485cea50d1cbac27 -> 
  custom:video-codec-MediaFoundation-h265: 746d11721c4dcdbdad8f713fa42b33f4 -> 
  custom:video-decoder-ogg-theora: a1e56fd34408186e4bbccfd4996cb3dc -> 
  custom:framework-win-MediaFoundation: 216162199b28c13a410421893ffa2e32 -> 
  custom:CustomObjectIndexerAttribute: 43b350a4d6e6d1791af0b5038c4bea17 -> 
  custom:container-demuxer-webm: 4f35f7cbe854078d1ac9338744f61a02 -> 
  custom:container-muxer-webm: aa71ff27fc2769a1b78a27578f13a17b -> 
  custom:video-decoder-webm-vp8: 9c59270c3fd7afecdb556c50c9e8de78 -> 
  custom:SearchIndexIgnoredProperties: e643bd26f0fe6173181afceb89e7c659 -> 
  custom:AudioImporter_EditorPlatform: d09bf68614088b80899f8185d706f6e7 -> 
  custom:video-encoder-webm-vp8: eb34c28f22e8b96e1ab97ce403110664 -> 
  custom:audio-decoder-ogg-vorbis: bf7c407c2cedff20999df2af8eb42d56 -> 
  custom:audio-encoder-webm-vorbis: bf7c407c2cedff20999df2af8eb42d56 -> 
========================================================================
Received Import Request.
  Time since last request: 35.700073 seconds.
  path: Assets/Scenes/SampleScene.unity
  artifactKey: Guid(9fc0d4010bbf28b4594072e72b8655ab) Importer(815301076,1909f56bfc062723c751e8b465ee728b)
Start importing Assets/Scenes/SampleScene.unity using Guid(9fc0d4010bbf28b4594072e72b8655ab) Importer(815301076,1909f56bfc062723c751e8b465ee728b)  -> (artifact id: '3a898aac89938c42fe1ce5f75dc19665') in 0.007702 seconds
Number of updated asset objects reloaded before import = 0
Number of asset objects unloaded after import = 0
========================================================================
Received Import Request.
  Time since last request: 72.345515 seconds.
  path: Assets/JUNK
  artifactKey: Guid(92f2f407c35c71349979712c0750b304) Importer(815301076,1909f56bfc062723c751e8b465ee728b)
Start importing Assets/JUNK using Guid(92f2f407c35c71349979712c0750b304) Importer(815301076,1909f56bfc062723c751e8b465ee728b)  -> (artifact id: 'c0a24557e9ad376753db37526e071e84') in 0.000455 seconds
Number of updated asset objects reloaded before import = 0
Number of asset objects unloaded after import = 0
========================================================================
Received Import Request.
  Time since last request: 1.917758 seconds.
  path: Assets/Prefabs
  artifactKey: Guid(d13cc25a9c8db614696cb109b47d4ca3) Importer(815301076,1909f56bfc062723c751e8b465ee728b)
Start importing Assets/Prefabs using Guid(d13cc25a9c8db614696cb109b47d4ca3) Importer(815301076,1909f56bfc062723c751e8b465ee728b)  -> (artifact id: 'e5b0c3c149149aff571282ca86687834') in 0.000425 seconds
Number of updated asset objects reloaded before import = 0
Number of asset objects unloaded after import = 0
========================================================================
Received Import Request.
  Time since last request: 0.283935 seconds.
  path: Assets/Prefabs/enemyexp.prefab
  artifactKey: Guid(52e149f35fd9ea54ab07833f5c9ce4b5) Importer(815301076,1909f56bfc062723c751e8b465ee728b)
Start importing Assets/Prefabs/enemyexp.prefab using Guid(52e149f35fd9ea54ab07833f5c9ce4b5) Importer(815301076,1909f56bfc062723c751e8b465ee728b)  -> (artifact id: '2f186bd65f4f04888c1e8743344330cb') in 0.064621 seconds
Number of updated asset objects reloaded before import = 0
Number of asset objects unloaded after import = 6
========================================================================
Received Import Request.
  Time since last request: 0.000013 seconds.
  path: Assets/Prefabs/exp.prefab
  artifactKey: Guid(deb353296e02a5249b89aae36309ba1b) Importer(815301076,1909f56bfc062723c751e8b465ee728b)
Start importing Assets/Prefabs/exp.prefab using Guid(deb353296e02a5249b89aae36309ba1b) Importer(815301076,1909f56bfc062723c751e8b465ee728b)  -> (artifact id: 'db5c2872526118362920743dcf945615') in 0.014667 seconds
Number of updated asset objects reloaded before import = 0
Number of asset objects unloaded after import = 6
========================================================================
Received Import Request.
  Time since last request: 9.718488 seconds.
  path: Assets/ProceduralTerrainPainter/_Demo
  artifactKey: Guid(b4ceccca81b462f418ad1bb52790af9f) Importer(815301076,1909f56bfc062723c751e8b465ee728b)
Start importing Assets/ProceduralTerrainPainter/_Demo using Guid(b4ceccca81b462f418ad1bb52790af9f) Importer(815301076,1909f56bfc062723c751e8b465ee728b)  -> (artifact id: '8c358eac0dae3f7c846a989f5ba7655e') in 0.000437 seconds
Number of updated asset objects reloaded before import = 0
Number of asset objects unloaded after import = 0
========================================================================
Received Import Request.
  Time since last request: 0.104537 seconds.
  path: Assets/ProceduralTerrainPainter/_Demo/PTP_TerrainMat.mat
  artifactKey: Guid(b8b309b499f9d104baca1fbf190fd575) Importer(815301076,1909f56bfc062723c751e8b465ee728b)
Start importing Assets/ProceduralTerrainPainter/_Demo/PTP_TerrainMat.mat using Guid(b8b309b499f9d104baca1fbf190fd575) Importer(815301076,1909f56bfc062723c751e8b465ee728b)  -> (artifact id: '7a3fc01374f0bad103224555a22600f2') in 0.036852 seconds
Number of updated asset objects reloaded before import = 0
Number of asset objects unloaded after import = 1
========================================================================
Received Import Request.
  Time since last request: 1.426341 seconds.
  path: Assets/ProceduralTerrainPainter/_Demo/TerrainData
  artifactKey: Guid(9083af43f6d06e3429113bbece89a54e) Importer(815301076,1909f56bfc062723c751e8b465ee728b)
Start importing Assets/ProceduralTerrainPainter/_Demo/TerrainData using Guid(9083af43f6d06e3429113bbece89a54e) Importer(815301076,1909f56bfc062723c751e8b465ee728b)  -> (artifact id: 'da3cd545e00cefde523245090dd002dc') in 0.000558 seconds
Number of updated asset objects reloaded before import = 0
Number of asset objects unloaded after import = 0
========================================================================
Received Import Request.
  Time since last request: 0.055876 seconds.
  path: Assets/ProceduralTerrainPainter/_Demo/TerrainData/TerrainChunk_0.asset
  artifactKey: Guid(80c2198814d1a694f9044e4f5a861c2b) Importer(815301076,1909f56bfc062723c751e8b465ee728b)
Start importing Assets/ProceduralTerrainPainter/_Demo/TerrainData/TerrainChunk_0.asset using Guid(80c2198814d1a694f9044e4f5a861c2b) Importer(815301076,1909f56bfc062723c751e8b465ee728b)  -> (artifact id: '04a2fe7d1fa926c68482b85fe7eaed6d') in 0.056070 seconds
Number of updated asset objects reloaded before import = 0
Number of asset objects unloaded after import = 4
========================================================================
Received Import Request.
  Time since last request: 0.000013 seconds.
  path: Assets/ProceduralTerrainPainter/_Demo/TerrainData/TerrainChunk_2.asset
  artifactKey: Guid(06b03729d66083744a7ca73245bd3cdb) Importer(815301076,1909f56bfc062723c751e8b465ee728b)
Start importing Assets/ProceduralTerrainPainter/_Demo/TerrainData/TerrainChunk_2.asset using Guid(06b03729d66083744a7ca73245bd3cdb) Importer(815301076,1909f56bfc062723c751e8b465ee728b)  -> (artifact id: '6f1aa9564c92056d43a0e8d742d0ade7') in 0.036623 seconds
Number of updated asset objects reloaded before import = 0
Number of asset objects unloaded after import = 4
========================================================================
Received Prepare
Assembly with name 'sc.terrain.painter.runtime' already exists (Assets/JUNK/ProceduralTerrainPainter/Runtime/sc.terrain.painter.runtime.asmdef)
Assembly with name 'sc.terrain.painter.runtime' already exists (Assets/ProceduralTerrainPainter/Runtime/sc.terrain.painter.runtime.asmdef)
Assembly with name 'sc.terrain.painter.editor' already exists (Assets/JUNK/ProceduralTerrainPainter/Editor/sc.terrain.painter.editor.asmdef)
Assembly with name 'sc.terrain.painter.editor' already exists (Assets/ProceduralTerrainPainter/Editor/sc.terrain.painter.editor.asmdef)
Assembly with name 'sc.terrain.painter.runtime' already exists (Assets/JUNK/ProceduralTerrainPainter/Runtime/sc.terrain.painter.runtime.asmdef)
Assembly with name 'sc.terrain.painter.runtime' already exists (Assets/ProceduralTerrainPainter/Runtime/sc.terrain.painter.runtime.asmdef)
Assembly with name 'sc.terrain.painter.editor' already exists (Assets/JUNK/ProceduralTerrainPainter/Editor/sc.terrain.painter.editor.asmdef)
Assembly with name 'sc.terrain.painter.editor' already exists (Assets/ProceduralTerrainPainter/Editor/sc.terrain.painter.editor.asmdef)
Begin MonoManager ReloadAssembly
- Loaded All Assemblies, in  0.435 seconds
Refreshing native plugins compatible for Editor in 2.73 ms, found 3 plugins.
Native extension for WindowsStandalone target not found
Native extension for WebGL target not found
Assembly with name 'sc.terrain.painter.runtime' already exists (Assets/JUNK/ProceduralTerrainPainter/Runtime/sc.terrain.painter.runtime.asmdef)
Assembly with name 'sc.terrain.painter.runtime' already exists (Assets/ProceduralTerrainPainter/Runtime/sc.terrain.painter.runtime.asmdef)
Assembly with name 'sc.terrain.painter.editor' already exists (Assets/JUNK/ProceduralTerrainPainter/Editor/sc.terrain.painter.editor.asmdef)
Assembly with name 'sc.terrain.painter.editor' already exists (Assets/ProceduralTerrainPainter/Editor/sc.terrain.painter.editor.asmdef)
[Package Manager] Server::EnsureServerProcessIsRunning -- launch failed, reason: Unity was launched with the -noUpm command-line argument
[Package Manager] UpmClient::Send -- Unable to send message (not connected to UPM process).
[Package Manager] Cannot connect to Unity Package Manager local server
Mono: successfully reloaded assembly
- Finished resetting the current domain, in  0.984 seconds
Domain Reload Profiling: 1416ms
	BeginReloadAssembly (159ms)
		ExecutionOrderSort (0ms)
		DisableScriptedObjects (4ms)
		BackupInstance (0ms)
		ReleaseScriptingObjects (0ms)
		CreateAndSetChildDomain (35ms)
	RebuildCommonClasses (34ms)
	RebuildNativeTypeToScriptingClass (21ms)
	initialDomainReloadingComplete (28ms)
	LoadAllAssembliesAndSetupDomain (190ms)
		LoadAssemblies (257ms)
		RebuildTransferFunctionScriptingTraits (0ms)
		AnalyzeDomain (20ms)
			TypeCache.Refresh (10ms)
				TypeCache.ScanAssembly (1ms)
			ScanForSourceGeneratedMonoScriptInfo (6ms)
			ResolveRequiredComponents (3ms)
	FinalizeReload (984ms)
		ReleaseScriptCaches (0ms)
		RebuildScriptCaches (0ms)
		SetupLoadedEditorAssemblies (521ms)
			LogAssemblyErrors (0ms)
			InitializePlatformSupportModulesInManaged (6ms)
			SetLoadedEditorAssemblies (3ms)
			RefreshPlugins (0ms)
			BeforeProcessingInitializeOnLoad (70ms)
			ProcessInitializeOnLoadAttributes (420ms)
			ProcessInitializeOnLoadMethodAttributes (16ms)
			AfterProcessingInitializeOnLoad (7ms)
			EditorAssembliesLoaded (0ms)
		ExecutionOrderSort2 (0ms)
		AwakeInstancesAfterBackupRestoration (8ms)
Refreshing native plugins compatible for Editor in 3.23 ms, found 3 plugins.
Preloading 0 native plugins for Editor in 0.00 ms.
Unloading 3273 Unused Serialized files (Serialized files now loaded: 0)
Unloading 38 unused Assets / (1.3 MB). Loaded Objects now: 3864.
Memory consumption went from 153.4 MB to 152.1 MB.
Total: 3.148700 ms (FindLiveObjects: 0.218400 ms CreateObjectMapping: 0.102000 ms MarkObjects: 2.554700 ms  DeleteObjects: 0.272000 ms)

Prepare: number of updated asset objects reloaded= 1
AssetImportParameters requested are different than current active one (requested -> active):
  custom:container-demuxer-ogg: 62fdf1f143b41e24485cea50d1cbac27 -> 
  custom:video-codec-MediaFoundation-h265: 746d11721c4dcdbdad8f713fa42b33f4 -> 
  custom:video-decoder-ogg-theora: a1e56fd34408186e4bbccfd4996cb3dc -> 
  custom:framework-win-MediaFoundation: 216162199b28c13a410421893ffa2e32 -> 
  custom:CustomObjectIndexerAttribute: 43b350a4d6e6d1791af0b5038c4bea17 -> 
  custom:container-demuxer-webm: 4f35f7cbe854078d1ac9338744f61a02 -> 
  custom:container-muxer-webm: aa71ff27fc2769a1b78a27578f13a17b -> 
  custom:video-decoder-webm-vp8: 9c59270c3fd7afecdb556c50c9e8de78 -> 
  custom:SearchIndexIgnoredProperties: e643bd26f0fe6173181afceb89e7c659 -> 
  custom:AudioImporter_EditorPlatform: d09bf68614088b80899f8185d706f6e7 -> 
  custom:video-encoder-webm-vp8: eb34c28f22e8b96e1ab97ce403110664 -> 
  custom:audio-decoder-ogg-vorbis: bf7c407c2cedff20999df2af8eb42d56 -> 
  custom:audio-encoder-webm-vorbis: bf7c407c2cedff20999df2af8eb42d56 -> 
========================================================================
Received Prepare
Assembly with name 'sc.terrain.painter.runtime' already exists (Assets/JUNK/ProceduralTerrainPainter/Runtime/sc.terrain.painter.runtime.asmdef)
Assembly with name 'sc.terrain.painter.runtime' already exists (Assets/ProceduralTerrainPainter/Runtime/sc.terrain.painter.runtime.asmdef)
Assembly with name 'sc.terrain.painter.editor' already exists (Assets/JUNK/ProceduralTerrainPainter/Editor/sc.terrain.painter.editor.asmdef)
Assembly with name 'sc.terrain.painter.editor' already exists (Assets/ProceduralTerrainPainter/Editor/sc.terrain.painter.editor.asmdef)
Assembly with name 'sc.terrain.painter.runtime' already exists (Assets/JUNK/ProceduralTerrainPainter/Runtime/sc.terrain.painter.runtime.asmdef)
Assembly with name 'sc.terrain.painter.runtime' already exists (Assets/ProceduralTerrainPainter/Runtime/sc.terrain.painter.runtime.asmdef)
Assembly with name 'sc.terrain.painter.editor' already exists (Assets/JUNK/ProceduralTerrainPainter/Editor/sc.terrain.painter.editor.asmdef)
Assembly with name 'sc.terrain.painter.editor' already exists (Assets/ProceduralTerrainPainter/Editor/sc.terrain.painter.editor.asmdef)
Begin MonoManager ReloadAssembly
- Loaded All Assemblies, in  0.394 seconds
Refreshing native plugins compatible for Editor in 2.95 ms, found 3 plugins.
Native extension for WindowsStandalone target not found
Native extension for WebGL target not found
Assembly with name 'sc.terrain.painter.runtime' already exists (Assets/JUNK/ProceduralTerrainPainter/Runtime/sc.terrain.painter.runtime.asmdef)
Assembly with name 'sc.terrain.painter.runtime' already exists (Assets/ProceduralTerrainPainter/Runtime/sc.terrain.painter.runtime.asmdef)
Assembly with name 'sc.terrain.painter.editor' already exists (Assets/JUNK/ProceduralTerrainPainter/Editor/sc.terrain.painter.editor.asmdef)
Assembly with name 'sc.terrain.painter.editor' already exists (Assets/ProceduralTerrainPainter/Editor/sc.terrain.painter.editor.asmdef)
[Package Manager] Server::EnsureServerProcessIsRunning -- launch failed, reason: Unity was launched with the -noUpm command-line argument
[Package Manager] UpmClient::Send -- Unable to send message (not connected to UPM process).
[Package Manager] Cannot connect to Unity Package Manager local server
Mono: successfully reloaded assembly
- Finished resetting the current domain, in  0.817 seconds
Domain Reload Profiling: 1208ms
	BeginReloadAssembly (151ms)
		ExecutionOrderSort (0ms)
		DisableScriptedObjects (4ms)
		BackupInstance (0ms)
		ReleaseScriptingObjects (0ms)
		CreateAndSetChildDomain (31ms)
	RebuildCommonClasses (25ms)
	RebuildNativeTypeToScriptingClass (8ms)
	initialDomainReloadingComplete (24ms)
	LoadAllAssembliesAndSetupDomain (183ms)
		LoadAssemblies (250ms)
		RebuildTransferFunctionScriptingTraits (0ms)
		AnalyzeDomain (19ms)
			TypeCache.Refresh (7ms)
				TypeCache.ScanAssembly (0ms)
			ScanForSourceGeneratedMonoScriptInfo (5ms)
			ResolveRequiredComponents (5ms)
	FinalizeReload (817ms)
		ReleaseScriptCaches (0ms)
		RebuildScriptCaches (0ms)
		SetupLoadedEditorAssemblies (375ms)
			LogAssemblyErrors (0ms)
			InitializePlatformSupportModulesInManaged (8ms)
			SetLoadedEditorAssemblies (4ms)
			RefreshPlugins (0ms)
			BeforeProcessingInitializeOnLoad (76ms)
			ProcessInitializeOnLoadAttributes (266ms)
			ProcessInitializeOnLoadMethodAttributes (14ms)
			AfterProcessingInitializeOnLoad (6ms)
			EditorAssembliesLoaded (0ms)
		ExecutionOrderSort2 (0ms)
		AwakeInstancesAfterBackupRestoration (9ms)
Refreshing native plugins compatible for Editor in 2.77 ms, found 3 plugins.
Preloading 0 native plugins for Editor in 0.00 ms.
Unloading 3274 Unused Serialized files (Serialized files now loaded: 0)
Unloading 35 unused Assets / (1.3 MB). Loaded Objects now: 3867.
Memory consumption went from 155.6 MB to 154.3 MB.
Total: 2.430100 ms (FindLiveObjects: 0.187900 ms CreateObjectMapping: 0.081600 ms MarkObjects: 1.930800 ms  DeleteObjects: 0.228200 ms)

Prepare: number of updated asset objects reloaded= 0
AssetImportParameters requested are different than current active one (requested -> active):
  custom:container-demuxer-ogg: 62fdf1f143b41e24485cea50d1cbac27 -> 
  custom:video-codec-MediaFoundation-h265: 746d11721c4dcdbdad8f713fa42b33f4 -> 
  custom:video-decoder-ogg-theora: a1e56fd34408186e4bbccfd4996cb3dc -> 
  custom:framework-win-MediaFoundation: 216162199b28c13a410421893ffa2e32 -> 
  custom:CustomObjectIndexerAttribute: 43b350a4d6e6d1791af0b5038c4bea17 -> 
  custom:container-demuxer-webm: 4f35f7cbe854078d1ac9338744f61a02 -> 
  custom:container-muxer-webm: aa71ff27fc2769a1b78a27578f13a17b -> 
  custom:video-decoder-webm-vp8: 9c59270c3fd7afecdb556c50c9e8de78 -> 
  custom:SearchIndexIgnoredProperties: e643bd26f0fe6173181afceb89e7c659 -> 
  custom:AudioImporter_EditorPlatform: d09bf68614088b80899f8185d706f6e7 -> 
  custom:video-encoder-webm-vp8: eb34c28f22e8b96e1ab97ce403110664 -> 
  custom:audio-decoder-ogg-vorbis: bf7c407c2cedff20999df2af8eb42d56 -> 
  custom:audio-encoder-webm-vorbis: bf7c407c2cedff20999df2af8eb42d56 -> 
========================================================================
Received Import Request.
  Time since last request: 44.773300 seconds.
  path: Assets/venus_rising/venus rising rg.otf
  artifactKey: Guid(6ee1cd5a316dcf4479d76882f62ce667) Importer(815301076,1909f56bfc062723c751e8b465ee728b)
Start importing Assets/venus_rising/venus rising rg.otf using Guid(6ee1cd5a316dcf4479d76882f62ce667) Importer(815301076,1909f56bfc062723c751e8b465ee728b)  -> (artifact id: '40621dbcf844ba3dcca794b5449d0ce7') in 0.073107 seconds
Number of updated asset objects reloaded before import = 0
Number of asset objects unloaded after import = 4
========================================================================
Received Import Request.
  Time since last request: 7.314281 seconds.
  path: Assets/audio
  artifactKey: Guid(0a7580fdb323d2146afbc83ed02b2f57) Importer(815301076,1909f56bfc062723c751e8b465ee728b)
Start importing Assets/audio using Guid(0a7580fdb323d2146afbc83ed02b2f57) Importer(815301076,1909f56bfc062723c751e8b465ee728b)  -> (artifact id: '21f0c7a35d0105b96eb82a716360c2b6') in 0.000662 seconds
Number of updated asset objects reloaded before import = 0
Number of asset objects unloaded after import = 0
========================================================================
Received Import Request.
  Time since last request: 0.058956 seconds.
  path: Assets/audio/çarpma.wav
  artifactKey: Guid(54ad636c5f2211e41bb26e0df3661b09) Importer(815301076,1909f56bfc062723c751e8b465ee728b)
Start importing Assets/audio/çarpma.wav using Guid(54ad636c5f2211e41bb26e0df3661b09) Importer(815301076,1909f56bfc062723c751e8b465ee728b)  -> (artifact id: '7349318f2ab64792fbb418345a098b5a') in 0.029754 seconds
Number of updated asset objects reloaded before import = 0
Number of asset objects unloaded after import = 2
========================================================================
Received Import Request.
  Time since last request: 0.000017 seconds.
  path: Assets/audio/ölme.wav
  artifactKey: Guid(cb853bdbb883e39489de5b875227e878) Importer(815301076,1909f56bfc062723c751e8b465ee728b)
Start importing Assets/audio/ölme.wav using Guid(cb853bdbb883e39489de5b875227e878) Importer(815301076,1909f56bfc062723c751e8b465ee728b)  -> (artifact id: '66487082da84462c4692086a4db4f3aa') in 0.009741 seconds
Number of updated asset objects reloaded before import = 0
Number of asset objects unloaded after import = 2
========================================================================
Received Import Request.
  Time since last request: 38.282055 seconds.
  path: Assets/_TerrainAutoUpgrade
  artifactKey: Guid(610f3efea12162c4892d48c2a4b8eae2) Importer(815301076,1909f56bfc062723c751e8b465ee728b)
Start importing Assets/_TerrainAutoUpgrade using Guid(610f3efea12162c4892d48c2a4b8eae2) Importer(815301076,1909f56bfc062723c751e8b465ee728b)  -> (artifact id: '844cb9f20893fac9540468c09506bb67') in 0.000726 seconds
Number of updated asset objects reloaded before import = 9
Number of asset objects unloaded after import = 0
========================================================================
Received Import Request.
  Time since last request: 0.051320 seconds.
  path: Assets/_TerrainAutoUpgrade/layer_Cliffs608c3929b87867c.terrainlayer
  artifactKey: Guid(ac003ee854d84f94ca87851c18bdaf49) Importer(815301076,1909f56bfc062723c751e8b465ee728b)
Start importing Assets/_TerrainAutoUpgrade/layer_Cliffs608c3929b87867c.terrainlayer using Guid(ac003ee854d84f94ca87851c18bdaf49) Importer(815301076,1909f56bfc062723c751e8b465ee728b)  -> (artifact id: '9da2a6a9f638f020dcc7c916008f95f9') in 0.030784 seconds
Number of updated asset objects reloaded before import = 0
Number of asset objects unloaded after import = 2
========================================================================
Received Import Request.
  Time since last request: 0.000019 seconds.
  path: Assets/_TerrainAutoUpgrade/layer_RockGrassy608c3929b87867c.terrainlayer
  artifactKey: Guid(2c0678b77bf6798478cc7cf9b7f081f2) Importer(815301076,1909f56bfc062723c751e8b465ee728b)
Start importing Assets/_TerrainAutoUpgrade/layer_RockGrassy608c3929b87867c.terrainlayer using Guid(2c0678b77bf6798478cc7cf9b7f081f2) Importer(815301076,1909f56bfc062723c751e8b465ee728b)  -> (artifact id: '1671c02d0ca1516cabb15d94c7320fb2') in 0.022752 seconds
Number of updated asset objects reloaded before import = 0
Number of asset objects unloaded after import = 2
========================================================================
Received Import Request.
  Time since last request: 6.859566 seconds.
  path: Assets/Alstra Infinite
  artifactKey: Guid(a474295e0cc427e42bcebdb52de55f94) Importer(815301076,1909f56bfc062723c751e8b465ee728b)
Start importing Assets/Alstra Infinite using Guid(a474295e0cc427e42bcebdb52de55f94) Importer(815301076,1909f56bfc062723c751e8b465ee728b)  -> (artifact id: 'db257235fd7fbc74a0a3e514341c5700') in 0.000526 seconds
Number of updated asset objects reloaded before import = 0
Number of asset objects unloaded after import = 0
========================================================================
Received Import Request.
  Time since last request: 0.594426 seconds.
  path: Assets/Alstra Infinite/Fish - PolyPack
  artifactKey: Guid(82e26afebb7dc3041b9d106a833f39d3) Importer(815301076,1909f56bfc062723c751e8b465ee728b)
Start importing Assets/Alstra Infinite/Fish - PolyPack using Guid(82e26afebb7dc3041b9d106a833f39d3) Importer(815301076,1909f56bfc062723c751e8b465ee728b)  -> (artifact id: 'a9269b9c25b351814cc124957e1e20d5') in 0.000500 seconds
Number of updated asset objects reloaded before import = 0
Number of asset objects unloaded after import = 0
========================================================================
Received Import Request.
  Time since last request: 1.378430 seconds.
  path: Assets/Alstra Infinite/Fish - PolyPack/Models
  artifactKey: Guid(4d073f0bbc4f46d47a6ceba6153c07dd) Importer(815301076,1909f56bfc062723c751e8b465ee728b)
Start importing Assets/Alstra Infinite/Fish - PolyPack/Models using Guid(4d073f0bbc4f46d47a6ceba6153c07dd) Importer(815301076,1909f56bfc062723c751e8b465ee728b)  -> (artifact id: 'eea4c3016d463e2c2025045974238b16') in 0.000484 seconds
Number of updated asset objects reloaded before import = 0
Number of asset objects unloaded after import = 0
========================================================================
Received Import Request.
  Time since last request: 0.256348 seconds.
  path: Assets/Alstra Infinite/Fish - PolyPack/Models/FishV1.fbx
  artifactKey: Guid(38f74cd884cda8242b4fdc167c4962f8) Importer(815301076,1909f56bfc062723c751e8b465ee728b)
Start importing Assets/Alstra Infinite/Fish - PolyPack/Models/FishV1.fbx using Guid(38f74cd884cda8242b4fdc167c4962f8) Importer(815301076,1909f56bfc062723c751e8b465ee728b)  -> (artifact id: 'cc71db7eb189ee7cb74e8b1f8c0da53b') in 0.178705 seconds
Number of updated asset objects reloaded before import = 0
Number of asset objects unloaded after import = 9
========================================================================
Received Import Request.
  Time since last request: 0.000015 seconds.
  path: Assets/Alstra Infinite/Fish - PolyPack/Models/FishV3.fbx
  artifactKey: Guid(ae51ad94fa7d3764d957aa512d506d00) Importer(815301076,1909f56bfc062723c751e8b465ee728b)
Start importing Assets/Alstra Infinite/Fish - PolyPack/Models/FishV3.fbx using Guid(ae51ad94fa7d3764d957aa512d506d00) Importer(815301076,1909f56bfc062723c751e8b465ee728b)  -> (artifact id: 'f314f1fd8cd8b8e1590a14e46c4a2b6c') in 0.080106 seconds
Number of updated asset objects reloaded before import = 0
Number of asset objects unloaded after import = 9
========================================================================
Received Import Request.
  Time since last request: 36.640923 seconds.
  path: Assets/LowPolyTropicalEnvironment_LITE/Prefabs/Chest_01.prefab
  artifactKey: Guid(2269c5cfaa7f7314bba868f540b5ddad) Importer(815301076,1909f56bfc062723c751e8b465ee728b)
Start importing Assets/LowPolyTropicalEnvironment_LITE/Prefabs/Chest_01.prefab using Guid(2269c5cfaa7f7314bba868f540b5ddad) Importer(815301076,1909f56bfc062723c751e8b465ee728b)  -> (artifact id: 'df5419f825a448d24f8986bd9bca2fec') in 0.170019 seconds
Number of updated asset objects reloaded before import = 0
Number of asset objects unloaded after import = 59
========================================================================
Received Import Request.
  Time since last request: 0.000017 seconds.
  path: Assets/LowPolyTropicalEnvironment_LITE/Prefabs/Pier_02.prefab
  artifactKey: Guid(c4ce77fae258db1419fe426be4a51bbb) Importer(815301076,1909f56bfc062723c751e8b465ee728b)
Start importing Assets/LowPolyTropicalEnvironment_LITE/Prefabs/Pier_02.prefab using Guid(c4ce77fae258db1419fe426be4a51bbb) Importer(815301076,1909f56bfc062723c751e8b465ee728b)  -> (artifact id: '08cd8053168640a3ebef4eef30e90974') in 0.016484 seconds
Number of updated asset objects reloaded before import = 0
Number of asset objects unloaded after import = 18
========================================================================
Received Import Request.
  Time since last request: 0.000034 seconds.
  path: Assets/LowPolyTropicalEnvironment_LITE/Prefabs/Plant_01.prefab
  artifactKey: Guid(cb8023970bbd62147ba1b145685c0a02) Importer(815301076,1909f56bfc062723c751e8b465ee728b)
Start importing Assets/LowPolyTropicalEnvironment_LITE/Prefabs/Plant_01.prefab using Guid(cb8023970bbd62147ba1b145685c0a02) Importer(815301076,1909f56bfc062723c751e8b465ee728b)  -> (artifact id: '4a9556b8c335848c7032002690f9c8bd') in 0.017906 seconds
Number of updated asset objects reloaded before import = 0
Number of asset objects unloaded after import = 22
========================================================================
Received Import Request.
  Time since last request: 0.000018 seconds.
  path: Assets/LowPolyTropicalEnvironment_LITE/Prefabs/Tent_01.prefab
  artifactKey: Guid(a79f26c2c26a872468e9cc5925298ae7) Importer(815301076,1909f56bfc062723c751e8b465ee728b)
Start importing Assets/LowPolyTropicalEnvironment_LITE/Prefabs/Tent_01.prefab using Guid(a79f26c2c26a872468e9cc5925298ae7) Importer(815301076,1909f56bfc062723c751e8b465ee728b)  -> (artifact id: 'd6362fd0ba61053d3fd34a5e97cb78d8') in 0.015307 seconds
Number of updated asset objects reloaded before import = 0
Number of asset objects unloaded after import = 23
========================================================================
Received Import Request.
  Time since last request: 0.000013 seconds.
  path: Assets/LowPolyTropicalEnvironment_LITE/Prefabs/Plank_01.prefab
  artifactKey: Guid(c95646f11c8203b438f9c638247c3121) Importer(815301076,1909f56bfc062723c751e8b465ee728b)
Start importing Assets/LowPolyTropicalEnvironment_LITE/Prefabs/Plank_01.prefab using Guid(c95646f11c8203b438f9c638247c3121) Importer(815301076,1909f56bfc062723c751e8b465ee728b)  -> (artifact id: '103a20b3a9c4573b0284d70b6af0a4c0') in 0.013947 seconds
Number of updated asset objects reloaded before import = 0
Number of asset objects unloaded after import = 18
========================================================================
Received Import Request.
  Time since last request: 0.000024 seconds.
  path: Assets/LowPolyTropicalEnvironment_LITE/Prefabs/Skull_01.prefab
  artifactKey: Guid(13613d48b05008747b336f4a0568a938) Importer(815301076,1909f56bfc062723c751e8b465ee728b)
Start importing Assets/LowPolyTropicalEnvironment_LITE/Prefabs/Skull_01.prefab using Guid(13613d48b05008747b336f4a0568a938) Importer(815301076,1909f56bfc062723c751e8b465ee728b)  -> (artifact id: 'fad1e449783fb3d9acf58f0f5a558428') in 0.014974 seconds
Number of updated asset objects reloaded before import = 0
Number of asset objects unloaded after import = 18
========================================================================
Received Import Request.
  Time since last request: 0.000038 seconds.
  path: Assets/LowPolyTropicalEnvironment_LITE/Prefabs/PalmTree_05.prefab
  artifactKey: Guid(3d6ee73ce0cc2f34fb0943aee27b056a) Importer(815301076,1909f56bfc062723c751e8b465ee728b)
Start importing Assets/LowPolyTropicalEnvironment_LITE/Prefabs/PalmTree_05.prefab using Guid(3d6ee73ce0cc2f34fb0943aee27b056a) Importer(815301076,1909f56bfc062723c751e8b465ee728b)  -> (artifact id: 'af9ee8e668d955d98af81c423aa115bf') in 0.019906 seconds
Number of updated asset objects reloaded before import = 0
Number of asset objects unloaded after import = 23
========================================================================
Received Import Request.
  Time since last request: 0.000020 seconds.
  path: Assets/LowPolyTropicalEnvironment_LITE/Prefabs/PirateSword_01.prefab
  artifactKey: Guid(dbd2a57d08b34234fa124d3add256cf5) Importer(815301076,1909f56bfc062723c751e8b465ee728b)
Start importing Assets/LowPolyTropicalEnvironment_LITE/Prefabs/PirateSword_01.prefab using Guid(dbd2a57d08b34234fa124d3add256cf5) Importer(815301076,1909f56bfc062723c751e8b465ee728b)  -> (artifact id: '340cb4a31075a6f604ac298d3c90d3f9') in 0.014615 seconds
Number of updated asset objects reloaded before import = 0
Number of asset objects unloaded after import = 18
Editor requested this worker to shutdown with reason: Scaling down because of idle timeout
TcpMessagingSession - receive error: operation aborted. errorcode: 995, details: Bir i parac k veya bir uygulama istei nedeniyle G/ ilemi iptal edildi.
AssetImportWorker is now disconnected from the server
Process exiting
Exiting without the bug reporter. Application will terminate with return code 0